<?xml version="1.0" encoding="UTF-8"?>
<!-- Generated by org.testng.reporters.JUnitXMLReporter -->
<testsuite hostname="Lenovo-PC" ignored="0" name="Test" tests="3" failures="1" timestamp="11 Apr 2020 07:43:05 GMT" time="132.78" errors="0">
  <testcase name="createNewContact" time="6.624" classname="com.crm.qa.testcases.ConatctsPageTest">
    <failure type="java.lang.IllegalArgumentException" message="Keys to send should be a not null CharSequence">
      <![CDATA[java.lang.IllegalArgumentException: Keys to send should be a not null CharSequence
at org.openqa.selenium.remote.RemoteWebElement.sendKeys(RemoteWebElement.java:97)
at org.openqa.selenium.support.events.EventFiringWebDriver$EventFiringWebElement.lambda$new$0(EventFiringWebDriver.java:404)
at com.sun.proxy.$Proxy13.sendKeys(Unknown Source)
at org.openqa.selenium.support.events.EventFiringWebDriver$EventFiringWebElement.sendKeys(EventFiringWebDriver.java:429)
at org.openqa.selenium.support.pagefactory.internal.LocatingElementHandler.invoke(LocatingElementHandler.java:51)
at com.sun.proxy.$Proxy12.sendKeys(Unknown Source)
at com.crm.qa.pages.ConatctsPage.createNewContact(ConatctsPage.java:55)
at com.crm.qa.testcases.ConatctsPageTest.createNewContact(ConatctsPageTest.java:55)
... Removed 33 stack frames]]>
    </failure>
  </testcase> <!-- createNewContact -->
  <testcase name="createNewContact" time="10.256" classname="com.crm.qa.testcases.ConatctsPageTest"/>
  <testcase name="createNewContact" time="11.322" classname="com.crm.qa.testcases.ConatctsPageTest"/>
</testsuite> <!-- Test -->
