<?xml version="1.0" encoding="UTF-8"?>
<testng-results skipped="0" failed="1" ignored="0" total="3" passed="2">
  <reporter-output>
  </reporter-output>
  <suite name="Suite" duration-ms="132780" started-at="2020-04-11T07:40:51Z" finished-at="2020-04-11T07:43:03Z">
    <groups>
    </groups>
    <test name="Test" duration-ms="132780" started-at="2020-04-11T07:40:51Z" finished-at="2020-04-11T07:43:03Z">
      <class name="com.crm.qa.testcases.ConatctsPageTest">
        <test-method status="PASS" signature="Setup()[pri:0, instance:com.crm.qa.testcases.ConatctsPageTest@1a968a59]" name="Setup" is-config="true" duration-ms="37066" started-at="2020-04-11T07:40:54Z" finished-at="2020-04-11T07:41:31Z">
          <reporter-output>
          </reporter-output>
        </test-method> <!-- Setup -->
        <test-method status="FAIL" signature="createNewContact(java.lang.String, java.lang.String, java.lang.String)[pri:0, instance:com.crm.qa.testcases.ConatctsPageTest@1a968a59]" name="createNewContact" duration-ms="6624" started-at="2020-04-11T07:41:31Z" data-provider="getTestdata" finished-at="2020-04-11T07:41:38Z">
          <params>
            <param index="0">
              <value is-null="true"/>
            </param>
            <param index="1">
              <value is-null="true"/>
            </param>
            <param index="2">
              <value is-null="true"/>
            </param>
          </params>
          <exception class="java.lang.IllegalArgumentException">
            <message>
              <![CDATA[Keys to send should be a not null CharSequence]]>
            </message>
            <full-stacktrace>
              <![CDATA[java.lang.IllegalArgumentException: Keys to send should be a not null CharSequence
at org.openqa.selenium.remote.RemoteWebElement.sendKeys(RemoteWebElement.java:97)
at sun.reflect.NativeMethodAccessorImpl.invoke0(Native Method)
at sun.reflect.NativeMethodAccessorImpl.invoke(NativeMethodAccessorImpl.java:62)
at sun.reflect.DelegatingMethodAccessorImpl.invoke(DelegatingMethodAccessorImpl.java:43)
at java.lang.reflect.Method.invoke(Method.java:498)
at org.openqa.selenium.support.events.EventFiringWebDriver$EventFiringWebElement.lambda$new$0(EventFiringWebDriver.java:404)
at com.sun.proxy.$Proxy13.sendKeys(Unknown Source)
at org.openqa.selenium.support.events.EventFiringWebDriver$EventFiringWebElement.sendKeys(EventFiringWebDriver.java:429)
at sun.reflect.NativeMethodAccessorImpl.invoke0(Native Method)
at sun.reflect.NativeMethodAccessorImpl.invoke(NativeMethodAccessorImpl.java:62)
at sun.reflect.DelegatingMethodAccessorImpl.invoke(DelegatingMethodAccessorImpl.java:43)
at java.lang.reflect.Method.invoke(Method.java:498)
at org.openqa.selenium.support.pagefactory.internal.LocatingElementHandler.invoke(LocatingElementHandler.java:51)
at com.sun.proxy.$Proxy12.sendKeys(Unknown Source)
at com.crm.qa.pages.ConatctsPage.createNewContact(ConatctsPage.java:55)
at com.crm.qa.testcases.ConatctsPageTest.createNewContact(ConatctsPageTest.java:55)
at sun.reflect.NativeMethodAccessorImpl.invoke0(Native Method)
at sun.reflect.NativeMethodAccessorImpl.invoke(NativeMethodAccessorImpl.java:62)
at sun.reflect.DelegatingMethodAccessorImpl.invoke(DelegatingMethodAccessorImpl.java:43)
at java.lang.reflect.Method.invoke(Method.java:498)
at org.testng.internal.MethodInvocationHelper.invokeMethod(MethodInvocationHelper.java:124)
at org.testng.internal.Invoker.invokeMethod(Invoker.java:583)
at org.testng.internal.Invoker.invokeTestMethod(Invoker.java:719)
at org.testng.internal.Invoker.invokeTestMethods(Invoker.java:989)
at org.testng.internal.TestMethodWorker.invokeTestMethods(TestMethodWorker.java:125)
at org.testng.internal.TestMethodWorker.run(TestMethodWorker.java:109)
at org.testng.TestRunner.privateRun(TestRunner.java:648)
at org.testng.TestRunner.run(TestRunner.java:505)
at org.testng.SuiteRunner.runTest(SuiteRunner.java:455)
at org.testng.SuiteRunner.runSequentially(SuiteRunner.java:450)
at org.testng.SuiteRunner.privateRun(SuiteRunner.java:415)
at org.testng.SuiteRunner.run(SuiteRunner.java:364)
at org.testng.SuiteRunnerWorker.runSuite(SuiteRunnerWorker.java:52)
at org.testng.SuiteRunnerWorker.run(SuiteRunnerWorker.java:84)
at org.testng.TestNG.runSuitesSequentially(TestNG.java:1208)
at org.testng.TestNG.runSuitesLocally(TestNG.java:1137)
at org.testng.TestNG.runSuites(TestNG.java:1049)
at org.testng.TestNG.run(TestNG.java:1017)
at org.testng.remote.AbstractRemoteTestNG.run(AbstractRemoteTestNG.java:114)
at org.testng.remote.RemoteTestNG.initAndRun(RemoteTestNG.java:251)
at org.testng.remote.RemoteTestNG.main(RemoteTestNG.java:77)
]]>
            </full-stacktrace>
          </exception> <!-- java.lang.IllegalArgumentException -->
          <reporter-output>
          </reporter-output>
        </test-method> <!-- createNewContact -->
        <test-method status="PASS" signature="end()[pri:0, instance:com.crm.qa.testcases.ConatctsPageTest@1a968a59]" name="end" is-config="true" duration-ms="1142" started-at="2020-04-11T07:41:38Z" finished-at="2020-04-11T07:41:39Z">
          <reporter-output>
          </reporter-output>
        </test-method> <!-- end -->
        <test-method status="PASS" signature="Setup()[pri:0, instance:com.crm.qa.testcases.ConatctsPageTest@1a968a59]" name="Setup" is-config="true" duration-ms="27945" started-at="2020-04-11T07:41:39Z" finished-at="2020-04-11T07:42:07Z">
          <reporter-output>
          </reporter-output>
        </test-method> <!-- Setup -->
        <test-method status="PASS" signature="createNewContact(java.lang.String, java.lang.String, java.lang.String)[pri:0, instance:com.crm.qa.testcases.ConatctsPageTest@1a968a59]" name="createNewContact" duration-ms="10256" started-at="2020-04-11T07:42:07Z" data-provider="getTestdata" finished-at="2020-04-11T07:42:17Z">
          <params>
            <param index="0">
              <value>
                <![CDATA[Mr.]]>
              </value>
            </param>
            <param index="1">
              <value>
                <![CDATA[Allu1]]>
              </value>
            </param>
            <param index="2">
              <value>
                <![CDATA[Test1]]>
              </value>
            </param>
          </params>
          <reporter-output>
          </reporter-output>
        </test-method> <!-- createNewContact -->
        <test-method status="PASS" signature="end()[pri:0, instance:com.crm.qa.testcases.ConatctsPageTest@1a968a59]" name="end" is-config="true" duration-ms="1449" started-at="2020-04-11T07:42:17Z" finished-at="2020-04-11T07:42:19Z">
          <reporter-output>
          </reporter-output>
        </test-method> <!-- end -->
        <test-method status="PASS" signature="Setup()[pri:0, instance:com.crm.qa.testcases.ConatctsPageTest@1a968a59]" name="Setup" is-config="true" duration-ms="31740" started-at="2020-04-11T07:42:19Z" finished-at="2020-04-11T07:42:50Z">
          <reporter-output>
          </reporter-output>
        </test-method> <!-- Setup -->
        <test-method status="PASS" signature="createNewContact(java.lang.String, java.lang.String, java.lang.String)[pri:0, instance:com.crm.qa.testcases.ConatctsPageTest@1a968a59]" name="createNewContact" duration-ms="11322" started-at="2020-04-11T07:42:50Z" data-provider="getTestdata" finished-at="2020-04-11T07:43:02Z">
          <params>
            <param index="0">
              <value>
                <![CDATA[Dr.]]>
              </value>
            </param>
            <param index="1">
              <value>
                <![CDATA[Allu2]]>
              </value>
            </param>
            <param index="2">
              <value>
                <![CDATA[Test2]]>
              </value>
            </param>
          </params>
          <reporter-output>
          </reporter-output>
        </test-method> <!-- createNewContact -->
        <test-method status="PASS" signature="end()[pri:0, instance:com.crm.qa.testcases.ConatctsPageTest@1a968a59]" name="end" is-config="true" duration-ms="1738" started-at="2020-04-11T07:43:02Z" finished-at="2020-04-11T07:43:03Z">
          <reporter-output>
          </reporter-output>
        </test-method> <!-- end -->
      </class> <!-- com.crm.qa.testcases.ConatctsPageTest -->
    </test> <!-- Test -->
  </suite> <!-- Suite -->
</testng-results>
